#
# There is insufficient memory for the Java Runtime Environment to continue.
# Native memory allocation (malloc) failed to allocate 1506416 bytes for Chunk::new
# Possible reasons:
#   The system is out of physical RAM or swap space
#   In 32 bit mode, the process size limit was hit
# Possible solutions:
#   Reduce memory load on the system
#   Increase physical memory or swap space
#   Check if swap backing store is full
#   Use 64 bit Java on a 64 bit OS
#   Decrease Java heap size (-Xmx/-Xms)
#   Decrease number of Java threads
#   Decrease Java thread stack sizes (-Xss)
#   Set larger code cache with -XX:ReservedCodeCacheSize=
# This output file may be truncated or incomplete.
#
#  Out of Memory Error (allocation.cpp:390), pid=14044, tid=0x0000000000002b84
#
# JRE version: Java(TM) SE Runtime Environment (8.0_171-b11) (build 1.8.0_171-b11)
# Java VM: Java HotSpot(TM) 64-Bit Server VM (25.171-b11 mixed mode windows-amd64 compressed oops)
# Failed to write core dump. Minidumps are not enabled by default on client versions of Windows
#

---------------  T H R E A D  ---------------

Current thread (0x000000001746d800):  JavaThread "C2 CompilerThread2" daemon [_thread_in_native, id=11140, stack(0x0000000017e50000,0x0000000017f50000)]

Stack: [0x0000000017e50000,0x0000000017f50000]
[error occurred during error reporting (printing stack bounds), id 0xc0000005]

Native frames: (J=compiled Java code, j=interpreted, Vv=VM code, C=native code)


Current CompileTask:
C2:  48748 3197   !   4       com.mysql.cj.jdbc.ConnectionImpl::prepareStatement (424 bytes)


---------------  P R O C E S S  ---------------

Java Threads: ( => current thread )
  0x0000000018a92000 JavaThread "Thread-2" [_thread_blocked, id=13944, stack(0x000000001f680000,0x000000001f780000)]
  0x00000000187ab000 JavaThread "TimerQueue" daemon [_thread_blocked, id=14292, stack(0x000000001dbb0000,0x000000001dcb0000)]
  0x000000001879e800 JavaThread "D3D Screen Updater" daemon [_thread_blocked, id=5280, stack(0x000000001c6a0000,0x000000001c7a0000)]
  0x00000000185d0800 JavaThread "Abandoned connection cleanup thread" daemon [_thread_blocked, id=884, stack(0x000000001c060000,0x000000001c160000)]
  0x00000000029c2800 JavaThread "DestroyJavaVM" [_thread_blocked, id=13900, stack(0x0000000002860000,0x0000000002960000)]
  0x000000001846c000 JavaThread "AWT-EventQueue-0" [_thread_blocked, id=11520, stack(0x0000000019770000,0x0000000019870000)]
  0x00000000183fc800 JavaThread "AWT-Windows" daemon [_thread_in_native, id=9592, stack(0x0000000018dc0000,0x0000000018ec0000)]
  0x00000000183f9000 JavaThread "AWT-Shutdown" [_thread_blocked, id=5956, stack(0x0000000018cc0000,0x0000000018dc0000)]
  0x0000000018450800 JavaThread "Java2D Disposer" daemon [_thread_blocked, id=14072, stack(0x0000000018bc0000,0x0000000018cc0000)]
  0x00000000174f8000 JavaThread "Service Thread" daemon [_thread_blocked, id=11440, stack(0x0000000018050000,0x0000000018150000)]
  0x000000001556e000 JavaThread "C1 CompilerThread3" daemon [_thread_blocked, id=12800, stack(0x0000000017f50000,0x0000000018050000)]
=>0x000000001746d800 JavaThread "C2 CompilerThread2" daemon [_thread_in_native, id=11140, stack(0x0000000017e50000,0x0000000017f50000)]
  0x0000000017466000 JavaThread "C2 CompilerThread1" daemon [_thread_blocked, id=3248, stack(0x0000000017d50000,0x0000000017e50000)]
  0x0000000017464000 JavaThread "C2 CompilerThread0" daemon [_thread_blocked, id=9516, stack(0x0000000017c50000,0x0000000017d50000)]
  0x0000000017462800 JavaThread "Attach Listener" daemon [_thread_blocked, id=7556, stack(0x0000000017b50000,0x0000000017c50000)]
  0x0000000017461000 JavaThread "Signal Dispatcher" daemon [_thread_blocked, id=13500, stack(0x0000000017a50000,0x0000000017b50000)]
  0x0000000017451800 JavaThread "Finalizer" daemon [_thread_blocked, id=13052, stack(0x0000000017830000,0x0000000017930000)]
  0x0000000002aba000 JavaThread "Reference Handler" daemon [_thread_blocked, id=448, stack(0x0000000017330000,0x0000000017430000)]

Other Threads:
  0x0000000015559800 VMThread [stack: 0x0000000017230000,0x0000000017330000] [id=8560]
  0x00000000174fa800 WatcherThread [stack: 0x00000000182c0000,0x00000000183c0000] [id=9872]

VM state:not at safepoint (normal execution)

VM Mutex/Monitor currently owned by a thread: None

Heap:
 PSYoungGen      total 27648K, used 3604K [0x00000000eaf80000, 0x00000000ed780000, 0x0000000100000000)
  eden space 16384K, 20% used [0x00000000eaf80000,0x00000000eb2cd078,0x00000000ebf80000)
  from space 11264K, 1% used [0x00000000ecc80000,0x00000000eccb8000,0x00000000ed780000)
  to   space 12288K, 0% used [0x00000000ebf80000,0x00000000ebf80000,0x00000000ecb80000)
 ParOldGen       total 44032K, used 25759K [0x00000000c0e00000, 0x00000000c3900000, 0x00000000eaf80000)
  object space 44032K, 58% used [0x00000000c0e00000,0x00000000c2727d38,0x00000000c3900000)
 Metaspace       used 18234K, capacity 18483K, committed 18816K, reserved 1067008K
  class space    used 2108K, capacity 2175K, committed 2176K, reserved 1048576K

Card table byte_map: [0x0000000011e80000,0x0000000012080000] byte_map_base: 0x0000000011879000

Marking Bits: (ParMarkBitMap*) 0x000000006ea208c0
 Begin Bits: [0x00000000129e0000, 0x00000000139a8000)
 End Bits:   [0x00000000139a8000, 0x0000000014970000)

Polling page: 0x0000000000c10000

CodeCache: size=245760Kb used=11624Kb max_used=11637Kb free=234135Kb
 bounds [0x0000000002ac0000, 0x0000000003630000, 0x0000000011ac0000]
 total_blobs=3718 nmethods=3162 adapters=468
 compilation: enabled

Compilation events (10 events):
Event: 48.535 Thread 0x0000000017464000 3195   !   4       com.mysql.cj.mysqla.io.MysqlaProtocol::send (146 bytes)
Event: 48.535 Thread 0x000000001746d800 nmethod 3194 0x00000000035ff6d0 code [0x00000000035ff900, 0x0000000003600208]
Event: 48.536 Thread 0x0000000017466000 3196   !   4       com.mysql.cj.jdbc.ConnectionImpl::execSQL (679 bytes)
Event: 48.560 Thread 0x0000000017464000 nmethod 3195 0x00000000036253d0 code [0x0000000003625600, 0x00000000036274c8]
Event: 48.564 Thread 0x0000000017466000 nmethod 3196 0x0000000003629390 code [0x0000000003629660, 0x000000000362b120]
Event: 48.584 Thread 0x000000001746d800 3197   !   4       com.mysql.cj.jdbc.ConnectionImpl::prepareStatement (424 bytes)
Event: 48.585 Thread 0x0000000017464000 3198   !   4       com.mysql.cj.jdbc.EscapeProcessor::escapeSQL (1031 bytes)
Event: 48.586 Thread 0x0000000017464000 nmethod 3198 0x0000000002c2dc90 code [0x0000000002c2ddc0, 0x0000000002c2df38]
Event: 48.644 Thread 0x0000000017466000 3199   !   4       com.mysql.cj.jdbc.result.ResultSetImpl::getString (20 bytes)
Event: 48.649 Thread 0x0000000017466000 nmethod 3199 0x000000000360e850 code [0x000000000360ea20, 0x000000000360f2b0]

GC Heap History (10 events):
Event: 35.465 GC heap before
{Heap before GC invocations=12 (full 0):
 PSYoungGen      total 18944K, used 16608K [0x00000000eaf80000, 0x00000000ec480000, 0x0000000100000000)
  eden space 16384K, 100% used [0x00000000eaf80000,0x00000000ebf80000,0x00000000ebf80000)
  from space 2560K, 8% used [0x00000000ebf80000,0x00000000ebfb8000,0x00000000ec200000)
  to   space 2560K, 0% used [0x00000000ec200000,0x00000000ec200000,0x00000000ec480000)
 ParOldGen       total 44032K, used 25383K [0x00000000c0e00000, 0x00000000c3900000, 0x00000000eaf80000)
  object space 44032K, 57% used [0x00000000c0e00000,0x00000000c26c9d38,0x00000000c3900000)
 Metaspace       used 18229K, capacity 18483K, committed 18816K, reserved 1067008K
  class space    used 2107K, capacity 2175K, committed 2176K, reserved 1048576K
Event: 35.466 GC heap after
Heap after GC invocations=12 (full 0):
 PSYoungGen      total 18944K, used 256K [0x00000000eaf80000, 0x00000000ec480000, 0x0000000100000000)
  eden space 16384K, 0% used [0x00000000eaf80000,0x00000000eaf80000,0x00000000ebf80000)
  from space 2560K, 10% used [0x00000000ec200000,0x00000000ec240000,0x00000000ec480000)
  to   space 2560K, 0% used [0x00000000ebf80000,0x00000000ebf80000,0x00000000ec200000)
 ParOldGen       total 44032K, used 25471K [0x00000000c0e00000, 0x00000000c3900000, 0x00000000eaf80000)
  object space 44032K, 57% used [0x00000000c0e00000,0x00000000c26dfd38,0x00000000c3900000)
 Metaspace       used 18229K, capacity 18483K, committed 18816K, reserved 1067008K
  class space    used 2107K, capacity 2175K, committed 2176K, reserved 1048576K
}
Event: 38.804 GC heap before
{Heap before GC invocations=13 (full 0):
 PSYoungGen      total 18944K, used 16640K [0x00000000eaf80000, 0x00000000ec480000, 0x0000000100000000)
  eden space 16384K, 100% used [0x00000000eaf80000,0x00000000ebf80000,0x00000000ebf80000)
  from space 2560K, 10% used [0x00000000ec200000,0x00000000ec240000,0x00000000ec480000)
  to   space 2560K, 0% used [0x00000000ebf80000,0x00000000ebf80000,0x00000000ec200000)
 ParOldGen       total 44032K, used 25471K [0x00000000c0e00000, 0x00000000c3900000, 0x00000000eaf80000)
  object space 44032K, 57% used [0x00000000c0e00000,0x00000000c26dfd38,0x00000000c3900000)
 Metaspace       used 18229K, capacity 18483K, committed 18816K, reserved 1067008K
  class space    used 2107K, capacity 2175K, committed 2176K, reserved 1048576K
Event: 38.805 GC heap after
Heap after GC invocations=13 (full 0):
 PSYoungGen      total 18944K, used 256K [0x00000000eaf80000, 0x00000000edb80000, 0x0000000100000000)
  eden space 16384K, 0% used [0x00000000eaf80000,0x00000000eaf80000,0x00000000ebf80000)
  from space 2560K, 10% used [0x00000000ebf80000,0x00000000ebfc0000,0x00000000ec200000)
  to   space 14336K, 0% used [0x00000000ecd80000,0x00000000ecd80000,0x00000000edb80000)
 ParOldGen       total 44032K, used 25551K [0x00000000c0e00000, 0x00000000c3900000, 0x00000000eaf80000)
  object space 44032K, 58% used [0x00000000c0e00000,0x00000000c26f3d38,0x00000000c3900000)
 Metaspace       used 18229K, capacity 18483K, committed 18816K, reserved 1067008K
  class space    used 2107K, capacity 2175K, committed 2176K, reserved 1048576K
}
Event: 42.068 GC heap before
{Heap before GC invocations=14 (full 0):
 PSYoungGen      total 18944K, used 16640K [0x00000000eaf80000, 0x00000000edb80000, 0x0000000100000000)
  eden space 16384K, 100% used [0x00000000eaf80000,0x00000000ebf80000,0x00000000ebf80000)
  from space 2560K, 10% used [0x00000000ebf80000,0x00000000ebfc0000,0x00000000ec200000)
  to   space 14336K, 0% used [0x00000000ecd80000,0x00000000ecd80000,0x00000000edb80000)
 ParOldGen       total 44032K, used 25551K [0x00000000c0e00000, 0x00000000c3900000, 0x00000000eaf80000)
  object space 44032K, 58% used [0x00000000c0e00000,0x00000000c26f3d38,0x00000000c3900000)
 Metaspace       used 18232K, capacity 18483K, committed 18816K, reserved 1067008K
  class space    used 2107K, capacity 2175K, committed 2176K, reserved 1048576K
Event: 42.069 GC heap after
Heap after GC invocations=14 (full 0):
 PSYoungGen      total 29696K, used 160K [0x00000000eaf80000, 0x00000000eda80000, 0x0000000100000000)
  eden space 16384K, 0% used [0x00000000eaf80000,0x00000000eaf80000,0x00000000ebf80000)
  from space 13312K, 1% used [0x00000000ecd80000,0x00000000ecda8000,0x00000000eda80000)
  to   space 13824K, 0% used [0x00000000ebf80000,0x00000000ebf80000,0x00000000ecd00000)
 ParOldGen       total 44032K, used 25607K [0x00000000c0e00000, 0x00000000c3900000, 0x00000000eaf80000)
  object space 44032K, 58% used [0x00000000c0e00000,0x00000000c2701d38,0x00000000c3900000)
 Metaspace       used 18232K, capacity 18483K, committed 18816K, reserved 1067008K
  class space    used 2107K, capacity 2175K, committed 2176K, reserved 1048576K
}
Event: 45.355 GC heap before
{Heap before GC invocations=15 (full 0):
 PSYoungGen      total 29696K, used 16544K [0x00000000eaf80000, 0x00000000eda80000, 0x0000000100000000)
  eden space 16384K, 100% used [0x00000000eaf80000,0x00000000ebf80000,0x00000000ebf80000)
  from space 13312K, 1% used [0x00000000ecd80000,0x00000000ecda8000,0x00000000eda80000)
  to   space 13824K, 0% used [0x00000000ebf80000,0x00000000ebf80000,0x00000000ecd00000)
 ParOldGen       total 44032K, used 25607K [0x00000000c0e00000, 0x00000000c3900000, 0x00000000eaf80000)
  object space 44032K, 58% used [0x00000000c0e00000,0x00000000c2701d38,0x00000000c3900000)
 Metaspace       used 18232K, capacity 18483K, committed 18816K, reserved 1067008K
  class space    used 2107K, capacity 2175K, committed 2176K, reserved 1048576K
Event: 45.356 GC heap after
Heap after GC invocations=15 (full 0):
 PSYoungGen      total 16896K, used 256K [0x00000000eaf80000, 0x00000000ed980000, 0x0000000100000000)
  eden space 16384K, 0% used [0x00000000eaf80000,0x00000000eaf80000,0x00000000ebf80000)
  from space 512K, 50% used [0x00000000ebf80000,0x00000000ebfc0000,0x00000000ec000000)
  to   space 13312K, 0% used [0x00000000ecc80000,0x00000000ecc80000,0x00000000ed980000)
 ParOldGen       total 44032K, used 25687K [0x00000000c0e00000, 0x00000000c3900000, 0x00000000eaf80000)
  object space 44032K, 58% used [0x00000000c0e00000,0x00000000c2715d38,0x00000000c3900000)
 Metaspace       used 18232K, capacity 18483K, committed 18816K, reserved 1067008K
  class space    used 2107K, capacity 2175K, committed 2176K, reserved 1048576K
}
Event: 48.547 GC heap before
{Heap before GC invocations=16 (full 0):
 PSYoungGen      total 16896K, used 16640K [0x00000000eaf80000, 0x00000000ed980000, 0x0000000100000000)
  eden space 16384K, 100% used [0x00000000eaf80000,0x00000000ebf80000,0x00000000ebf80000)
  from space 512K, 50% used [0x00000000ebf80000,0x00000000ebfc0000,0x00000000ec000000)
  to   space 13312K, 0% used [0x00000000ecc80000,0x00000000ecc80000,0x00000000ed980000)
 ParOldGen       total 44032K, used 25687K [0x00000000c0e00000, 0x00000000c3900000, 0x00000000eaf80000)
  object space 44032K, 58% used [0x00000000c0e00000,0x00000000c2715d38,0x00000000c3900000)
 Metaspace       used 18234K, capacity 18483K, committed 18816K, reserved 1067008K
  class space    used 2108K, capacity 2175K, committed 2176K, reserved 1048576K
Event: 48.548 GC heap after
Heap after GC invocations=16 (full 0):
 PSYoungGen      total 27648K, used 224K [0x00000000eaf80000, 0x00000000ed780000, 0x0000000100000000)
  eden space 16384K, 0% used [0x00000000eaf80000,0x00000000eaf80000,0x00000000ebf80000)
  from space 11264K, 1% used [0x00000000ecc80000,0x00000000eccb8000,0x00000000ed780000)
  to   space 12288K, 0% used [0x00000000ebf80000,0x00000000ebf80000,0x00000000ecb80000)
 ParOldGen       total 44032K, used 25759K [0x00000000c0e00000, 0x00000000c3900000, 0x00000000eaf80000)
  object space 44032K, 58% used [0x00000000c0e00000,0x00000000c2727d38,0x00000000c3900000)
 Metaspace       used 18234K, capacity 18483K, committed 18816K, reserved 1067008K
  class space    used 2108K, capacity 2175K, committed 2176K, reserved 1048576K
}

Deoptimization events (10 events):
Event: 1.434 Thread 0x000000001846c000 Uncommon trap: reason=class_check action=maybe_recompile pc=0x0000000002c489dc method=java.lang.String.equals(Ljava/lang/Object;)Z @ 8
Event: 1.434 Thread 0x000000001846c000 Uncommon trap: reason=class_check action=maybe_recompile pc=0x0000000002c489dc method=java.lang.String.equals(Ljava/lang/Object;)Z @ 8
Event: 3.052 Thread 0x000000001846c000 Uncommon trap: reason=unstable_if action=reinterpret pc=0x0000000002e924c0 method=sun.awt.image.ByteInterleavedRaster.putByteData(IIII[B)V @ 395
Event: 3.197 Thread 0x000000001846c000 Uncommon trap: reason=unstable_if action=reinterpret pc=0x0000000002ef8a20 method=sun.awt.image.ByteInterleavedRaster.setDataElements(IIIIIILjava/awt/image/Raster;)V @ 54
Event: 3.197 Thread 0x000000001846c000 Uncommon trap: reason=unstable_if action=reinterpret pc=0x0000000002efa75c method=sun.awt.image.ByteInterleavedRaster.setDataElements(IIIIIILjava/awt/image/Raster;)V @ 54
Event: 3.227 Thread 0x0000000018a71000 Uncommon trap: reason=unstable_if action=reinterpret pc=0x0000000002ee34c0 method=java.io.BufferedInputStream.read1([BII)I @ 60
Event: 3.234 Thread 0x0000000018a71000 Uncommon trap: reason=unstable_if action=reinterpret pc=0x0000000002ed6aac method=java.io.BufferedInputStream.read1([BII)I @ 60
Event: 3.247 Thread 0x0000000018a71000 Uncommon trap: reason=unstable_if action=reinterpret pc=0x0000000002e76e58 method=sun.misc.MetaIndex.mayContain(Ljava/lang/String;)Z @ 38
Event: 15.047 Thread 0x000000001846c000 Uncommon trap: reason=unstable_if action=reinterpret pc=0x000000000312e640 method=sun.java2d.pipe.BufferedContext.validate(Lsun/java2d/pipe/hw/AccelSurface;Lsun/java2d/pipe/hw/AccelSurface;Lsun/java2d/pipe/Region;Ljava/awt/Composite;Ljava/awt/geom/AffineT
Event: 47.381 Thread 0x000000001846c000 Uncommon trap: reason=unstable_if action=reinterpret pc=0x000000000346aa10 method=java.util.concurrent.locks.ReentrantLock$Sync.nonfairTryAcquire(I)Z @ 19

Classes redefined (0 events):
No events

Internal exceptions (10 events):
Event: 2.358 Thread 0x000000001846c000 Exception <a 'java/lang/ClassNotFoundException': ToggleButton> (0x00000000eb23f720) thrown at [C:\re\workspace\8-2-build-windows-amd64-cygwin\jdk8u171\10807\hotspot\src\share\vm\classfile\systemDictionary.cpp, line 210]
Event: 2.358 Thread 0x000000001846c000 Exception <a 'java/lang/ClassNotFoundException': javax/swing/JToolBarSeparator> (0x00000000eb23fd68) thrown at [C:\re\workspace\8-2-build-windows-amd64-cygwin\jdk8u171\10807\hotspot\src\share\vm\classfile\systemDictionary.cpp, line 210]
Event: 2.358 Thread 0x000000001846c000 Exception <a 'java/lang/ClassNotFoundException': ToolBarSeparator> (0x00000000eb2403e8) thrown at [C:\re\workspace\8-2-build-windows-amd64-cygwin\jdk8u171\10807\hotspot\src\share\vm\classfile\systemDictionary.cpp, line 210]
Event: 2.358 Thread 0x000000001846c000 Exception <a 'java/lang/ClassNotFoundException': ToolTip> (0x00000000eb240c68) thrown at [C:\re\workspace\8-2-build-windows-amd64-cygwin\jdk8u171\10807\hotspot\src\share\vm\classfile\systemDictionary.cpp, line 210]
Event: 2.358 Thread 0x000000001846c000 Exception <a 'java/lang/ClassNotFoundException': Tree> (0x00000000eb2414e0) thrown at [C:\re\workspace\8-2-build-windows-amd64-cygwin\jdk8u171\10807\hotspot\src\share\vm\classfile\systemDictionary.cpp, line 210]
Event: 2.358 Thread 0x000000001846c000 Exception <a 'java/lang/ClassNotFoundException': Tree> (0x00000000eb241dc0) thrown at [C:\re\workspace\8-2-build-windows-amd64-cygwin\jdk8u171\10807\hotspot\src\share\vm\classfile\systemDictionary.cpp, line 210]
Event: 2.358 Thread 0x000000001846c000 Exception <a 'java/lang/ClassNotFoundException': javax/swing/JTreeCell> (0x00000000eb242328) thrown at [C:\re\workspace\8-2-build-windows-amd64-cygwin\jdk8u171\10807\hotspot\src\share\vm\classfile\systemDictionary.cpp, line 210]
Event: 2.358 Thread 0x000000001846c000 Exception <a 'java/lang/ClassNotFoundException': TreeCell> (0x00000000eb242998) thrown at [C:\re\workspace\8-2-build-windows-amd64-cygwin\jdk8u171\10807\hotspot\src\share\vm\classfile\systemDictionary.cpp, line 210]
Event: 2.358 Thread 0x000000001846c000 Exception <a 'java/lang/ClassNotFoundException': RootPane> (0x00000000eb2433a0) thrown at [C:\re\workspace\8-2-build-windows-amd64-cygwin\jdk8u171\10807\hotspot\src\share\vm\classfile\systemDictionary.cpp, line 210]
Event: 15.047 Thread 0x000000001846c000 Implicit null exception at 0x000000000312d2a6 to 0x000000000312e5fd

Events (10 events):
Event: 45.356 Executing VM operation: ParallelGCFailedAllocation done
Event: 47.381 Thread 0x000000001846c000 Uncommon trap: trap_request=0xffffff65 fr.pc=0x000000000346aa10
Event: 47.381 Thread 0x000000001846c000 DEOPT PACKING pc=0x000000000346aa10 sp=0x000000001986ef80
Event: 47.381 Thread 0x000000001846c000 DEOPT UNPACKING pc=0x0000000002b0583b sp=0x000000001986ee30 mode 2
Event: 47.945 loading class sun/awt/EventQueueDelegate$Delegate
Event: 47.948 loading class sun/awt/EventQueueDelegate$Delegate done
Event: 48.294 loading class java/util/IdentityHashMap$1
Event: 48.294 loading class java/util/IdentityHashMap$1 done
Event: 48.547 Executing VM operation: ParallelGCFailedAllocation
Event: 48.548 Executing VM operation: ParallelGCFailedAllocation done


Dynamic libraries:
0x00007ff656be0000 - 0x00007ff656c17000 	C:\Program Files\Java\jdk1.8.0_171\bin\java.exe
0x00007ffb63ed0000 - 0x00007ffb640b1000 	C:\Windows\SYSTEM32\ntdll.dll
0x00007ffb63a90000 - 0x00007ffb63b42000 	C:\Windows\System32\KERNEL32.DLL
0x00007ffb60dd0000 - 0x00007ffb61043000 	C:\Windows\System32\KERNELBASE.dll
0x00007ffb63580000 - 0x00007ffb63621000 	C:\Windows\System32\ADVAPI32.dll
0x00007ffb63740000 - 0x00007ffb637de000 	C:\Windows\System32\msvcrt.dll
0x00007ffb639d0000 - 0x00007ffb63a2b000 	C:\Windows\System32\sechost.dll
0x00007ffb63b50000 - 0x00007ffb63c74000 	C:\Windows\System32\RPCRT4.dll
0x00007ffb63d10000 - 0x00007ffb63ea0000 	C:\Windows\System32\USER32.dll
0x00007ffb603a0000 - 0x00007ffb603c0000 	C:\Windows\System32\win32u.dll
0x00007ffb61560000 - 0x00007ffb61588000 	C:\Windows\System32\GDI32.dll
0x00007ffb61170000 - 0x00007ffb61302000 	C:\Windows\System32\gdi32full.dll
0x00007ffb61050000 - 0x00007ffb610ef000 	C:\Windows\System32\msvcp_win.dll
0x00007ffb602a0000 - 0x00007ffb6039a000 	C:\Windows\System32\ucrtbase.dll
0x00007ffb56860000 - 0x00007ffb56ac9000 	C:\Windows\WinSxS\amd64_microsoft.windows.common-controls_6595b64144ccf1df_6.0.17134.472_none_fb3f9af53068156d\COMCTL32.dll
0x00007ffb61820000 - 0x00007ffb61b42000 	C:\Windows\System32\combase.dll
0x00007ffb610f0000 - 0x00007ffb6116a000 	C:\Windows\System32\bcryptPrimitives.dll
0x00007ffb613d0000 - 0x00007ffb613fd000 	C:\Windows\System32\IMM32.DLL
0x000000006f170000 - 0x000000006f242000 	C:\Program Files\Java\jdk1.8.0_171\jre\bin\msvcr100.dll
0x000000006e200000 - 0x000000006eaa0000 	C:\Program Files\Java\jdk1.8.0_171\jre\bin\server\jvm.dll
0x00007ffb613c0000 - 0x00007ffb613c8000 	C:\Windows\System32\PSAPI.DLL
0x00007ffb55e80000 - 0x00007ffb55e89000 	C:\Windows\SYSTEM32\WSOCK32.dll
0x00007ffb63ca0000 - 0x00007ffb63d0c000 	C:\Windows\System32\WS2_32.dll
0x00007ffb5a1f0000 - 0x00007ffb5a213000 	C:\Windows\SYSTEM32\WINMM.dll
0x00007ffb5a1c0000 - 0x00007ffb5a1ea000 	C:\Windows\SYSTEM32\WINMMBASE.dll
0x00007ffb61310000 - 0x00007ffb61359000 	C:\Windows\System32\cfgmgr32.dll
0x00007ffb58da0000 - 0x00007ffb58daa000 	C:\Windows\SYSTEM32\VERSION.dll
0x000000006f120000 - 0x000000006f12f000 	C:\Program Files\Java\jdk1.8.0_171\jre\bin\verify.dll
0x000000006f0f0000 - 0x000000006f119000 	C:\Program Files\Java\jdk1.8.0_171\jre\bin\java.dll
0x000000006f0d0000 - 0x000000006f0e6000 	C:\Program Files\Java\jdk1.8.0_171\jre\bin\zip.dll
0x00007ffb61fb0000 - 0x00007ffb633f0000 	C:\Windows\System32\SHELL32.dll
0x00007ffb63690000 - 0x00007ffb63739000 	C:\Windows\System32\shcore.dll
0x00007ffb603c0000 - 0x00007ffb60acd000 	C:\Windows\System32\windows.storage.dll
0x00007ffb61360000 - 0x00007ffb613b1000 	C:\Windows\System32\shlwapi.dll
0x00007ffb60210000 - 0x00007ffb60221000 	C:\Windows\System32\kernel.appcore.dll
0x00007ffb601f0000 - 0x00007ffb6020f000 	C:\Windows\System32\profapi.dll
0x00007ffb60230000 - 0x00007ffb6027c000 	C:\Windows\System32\powrprof.dll
0x00007ffb601e0000 - 0x00007ffb601ea000 	C:\Windows\System32\FLTLIB.DLL
0x000000006e060000 - 0x000000006e1f8000 	C:\Program Files\Java\jdk1.8.0_171\jre\bin\awt.dll
0x00007ffb637e0000 - 0x00007ffb638a2000 	C:\Windows\System32\OLEAUT32.dll
0x00007ffb5e560000 - 0x00007ffb5e5eb000 	C:\Windows\SYSTEM32\apphelp.dll
0x00007ffb5e690000 - 0x00007ffb5e728000 	C:\Windows\system32\uxtheme.dll
0x00007ffb633f0000 - 0x00007ffb63563000 	C:\Windows\System32\MSCTF.dll
0x00007ffb5e970000 - 0x00007ffb5e999000 	C:\Windows\system32\dwmapi.dll
0x00007ffb61400000 - 0x00007ffb61551000 	C:\Windows\System32\ole32.dll
0x000000006e010000 - 0x000000006e057000 	C:\Program Files\Java\jdk1.8.0_171\jre\bin\fontmanager.dll
0x00007ffb3f1a0000 - 0x00007ffb3f2c0000 	C:\Windows\system32\opengl32.dll
0x00007ffb575c0000 - 0x00007ffb575ec000 	C:\Windows\SYSTEM32\GLU32.dll
0x00007ffb49fc0000 - 0x00007ffb4a157000 	C:\Windows\system32\d3d9.dll
0x00007ffb57450000 - 0x00007ffb575b2000 	C:\Windows\SYSTEM32\aticfx64.dll
0x00007ffb579f0000 - 0x00007ffb57a11000 	C:\Windows\SYSTEM32\atiu9p64.dll
0x00007ffb3d3c0000 - 0x00007ffb3dc1b000 	C:\Windows\SYSTEM32\atiumd64.dll
0x000000006b8d0000 - 0x000000006c155000 	C:\Windows\SYSTEM32\atiumd6a.dll
0x00007ffb63930000 - 0x00007ffb639d0000 	C:\Windows\System32\clbcatq.dll
0x00007ffb59310000 - 0x00007ffb594be000 	C:\Windows\SYSTEM32\WindowsCodecs.dll
0x00007ffb49b80000 - 0x00007ffb49bd8000 	C:\Windows\system32\dataexchange.dll
0x00007ffb5db40000 - 0x00007ffb5dcdc000 	C:\Windows\system32\dcomp.dll
0x00007ffb5cd10000 - 0x00007ffb5d01b000 	C:\Windows\system32\d3d11.dll
0x00007ffb5efd0000 - 0x00007ffb5f08b000 	C:\Windows\system32\dxgi.dll
0x00007ffb5eab0000 - 0x00007ffb5ec68000 	C:\Windows\system32\twinapi.appcore.dll
0x00007ffb5ea50000 - 0x00007ffb5ea71000 	C:\Windows\system32\RMCLIENT.dll
0x000000006f0b0000 - 0x000000006f0ca000 	C:\Program Files\Java\jdk1.8.0_171\jre\bin\net.dll
0x00007ffb5fa60000 - 0x00007ffb5fac6000 	C:\Windows\system32\mswsock.dll
0x000000006ef80000 - 0x000000006ef91000 	C:\Program Files\Java\jdk1.8.0_171\jre\bin\nio.dll
0x000000006dfc0000 - 0x000000006e002000 	C:\Program Files\Java\jdk1.8.0_171\jre\bin\t2k.dll
0x00007ffb5f820000 - 0x00007ffb5f8de000 	C:\Windows\SYSTEM32\DNSAPI.dll
0x00007ffb63570000 - 0x00007ffb63578000 	C:\Windows\System32\NSI.dll
0x00007ffb5f7e0000 - 0x00007ffb5f818000 	C:\Windows\SYSTEM32\IPHLPAPI.DLL
0x000000006f080000 - 0x000000006f0a6000 	C:\Program Files\Bonjour\mdnsNSP.dll
0x000000006f070000 - 0x000000006f07a000 	C:\Program Files\National Instruments\Shared\mDNS Responder\nimdnsNSP.dll
0x00007ffb57840000 - 0x00007ffb57856000 	C:\Program Files\Java\jdk1.8.0_171\jre\bin\VCRUNTIME140.dll
0x000000006f3f0000 - 0x000000006f400000 	C:\Windows\SYSTEM32\nimdnsResponder.dll
0x00007ffb59e00000 - 0x00007ffb59e0a000 	C:\Windows\System32\rasadhlp.dll
0x00007ffb5c0e0000 - 0x00007ffb5c152000 	C:\Windows\System32\fwpuclnt.dll
0x00007ffb5fd40000 - 0x00007ffb5fd65000 	C:\Windows\SYSTEM32\bcrypt.dll
0x00007ffb57290000 - 0x00007ffb57326000 	C:\Windows\System32\TextInputFramework.dll
0x00007ffb58de0000 - 0x00007ffb590fe000 	C:\Windows\System32\CoreUIComponents.dll
0x00007ffb5e0e0000 - 0x00007ffb5e1ba000 	C:\Windows\System32\CoreMessaging.dll
0x00007ffb5f240000 - 0x00007ffb5f271000 	C:\Windows\SYSTEM32\ntmarta.dll
0x00007ffb5a340000 - 0x00007ffb5a48d000 	C:\Windows\SYSTEM32\wintypes.dll
0x000000006df90000 - 0x000000006dfba000 	C:\Program Files\Java\jdk1.8.0_171\jre\bin\dcpr.dll
0x000000006b890000 - 0x000000006b8c1000 	C:\Program Files\Java\jdk1.8.0_171\jre\bin\jpeg.dll

VM Arguments:
jvm_args: -Dfile.encoding=UTF-8 
java_command: jdbc.Logger
java_class_path (initial): Z:\Bureau\enfer\Bomberbug\mysql-connector-java-6.0.4-bin.jar;Z:\Bureau\enfer\Bomberbug\build\classes
Launcher Type: SUN_STANDARD

Environment Variables:
PATH=C:\Program Files (x86)\Common Files\Oracle\Java\javapath;C:\Program Files (x86)\Common Files\Intel\Shared Libraries\redist\intel64\mpirt;C:\Program Files (x86)\Common Files\Intel\Shared Libraries\redist\intel64\compiler;C:\Program Files (x86)\NVIDIA Corporation\PhysX\Common;C:\SIMULIA\Commands;C:\Program Files\Microsoft MPI\Bin\;C:\gcc\bin;C:\gcc\libexec\gcc\x86_64-pc-mingw32\7.1.0;C:\OpenSim 3.3\bin;C:\Windows\system32;C:\Windows;C:\Windows\System32\Wbem;C:\Windows\System32\WindowsPowerShell\v1.0\;C:\Windows\System32\OpenSSH\;C:\Program Files (x86)\Avogadro\bin;C:\Program Files (x86)\FreeFem++;C:\Program Files (x86)\Wolfram Research\WolframScript\;C:\Program Files\MATLAB\MATLAB Runtime\v92\runtime\win64;C:\Program Files\TortoiseGit\bin;C:\Program Files\TortoiseSVN\bin;C:\Program Files (x86)\Windows Kits\8.1\Windows Performance Toolkit\;C:\Program Files (x86)\National Instruments\Shared\LabVIEW CLI;C:\Program Files (x86)\IVI Foundation\VISA\WinNT\Bin\;C:\Program Files\IVI Foundation\VISA\Win64\Bin\;C:\Program Files (x86)\IVI Foundation\VISA\WinNT\Bin;C:\Program Files (x86)\IVI Foundation\IVI\bin;C:\Program Files\IVI Foundation\IVI\bin;C:\Program Files (x86)\MATLAB704\bin\win32;C:\Program Files\Git\cmd;C:\Users\pdolle\AppData\Local\Microsoft\WindowsApps;
USERNAME=pdolle
OS=Windows_NT
PROCESSOR_IDENTIFIER=Intel64 Family 6 Model 60 Stepping 3, GenuineIntel



---------------  S Y S T E M  ---------------

OS: Windows 10.0 , 64 bit Build 17134 (10.0.17134.1)

CPU:total 8 (initial active 8) (4 cores per cpu, 2 threads per core) family 6 model 60 stepping 3, cmov, cx8, fxsr, mmx, sse, sse2, sse3, ssse3, sse4.1, sse4.2, popcnt, avx, avx2, aes, clmul, erms, lzcnt, ht, tsc, tscinvbit, bmi1, bmi2

Memory: 4k page, physical 4134888k(543532k free), swap 6232040k(5428k free)

vm_info: Java HotSpot(TM) 64-Bit Server VM (25.171-b11) for windows-amd64 JRE (1.8.0_171-b11), built on Mar 28 2018 16:06:12 by "java_re" with MS VC++ 10.0 (VS2010)

time: Mon Jan 07 14:34:01 2019
elapsed time: 48 seconds (0d 0h 0m 48s)

